<?xml version="1.0" encoding="UTF-8"?>
<!-- Generated by org.testng.reporters.JUnitReportReporter -->
<testsuite skipped="0" hostname="DESKTOP-NSV6OIL" name="package_2.AP_Test01" tests="1" failures="0" timestamp="06 mar 2019 10:37:45 GMT" time="44.407" errors="0">
  <testcase name="testEasy" time="44.407" classname="package_2.AP_Test01"/>
</testsuite> <!-- package_2.AP_Test01 -->
